################################################################
[ 1. Generate a sample file                              ]\
[  > seq -s ' ' -w 1000 > plain.txt                      ]\\
[    ? seq - print a sequence of numbers                 ]\\\
[    ? -s, --separator=STRING                            ]\\\\
[    ?     use STRING to separate numbers (default: \n)  ]\\\\\
[    ? -w, --equal-width                                 ]\\\\\\
[    ?     equalize width by padding with leading zeroes ]\\\\\\\
################################################################
################################################################
[ 2. Encryption Parameters                       ]\
[  * Cipher: AES-256                             ]\\
[    ? Advanced Encryption Standard              ]\\\
[    ? symmetric block cipher                    ]\\\\
[    ? block size - 128 bits( 16 bytes )         ]\\\\\
[    ? 256 bits key length( 32 bytes )           ]\\\\\\
[  * Mode: CBC                                   ]\\\\\\\
[    ? Cipher Block Chaining                     ]\\\\\\\\
[  * Padding: PKCS #7                            ]\\\\\\\\\
[    ? Public Key Cryptography Standard number 7 ]\\\\\\\\\\
################################################################
################################################################
[ 3. Generate 256-bit key                                             ]
[  > openssl rand -hex 32                                             ]
[  : d3b2bd22bc5ae5039a21587fd2b9cf2072be32b60ef8a09ec0d5544a923b80a2 ]
################################################################
################################################################
[ 4. Generate 128-bit IV( Initialization Vector ) ]\            
[  > openssl rand -hex 16                         ]\\           
[  : 9b56a2f284cc876783ecd09f2fd33fed             ]\\\          
################################################################
##[ CBC Mode ]##################################################
#####            ###############################################
################################################################
################[ plaintext ]###########[ plaintext ]###########
#################     |       ###########     |       ##########
##################### | ##################### | ################
##################### | ##################### | ################
##################### V ##################### V ################
##[ key ]---+-->[ encryption ]### +---->[ encryption ]### +-----
###       # | ###     |        ## | #####     |        ## | ####
########### | ####### | ######### | ##########|########## | ####
########### | ####### V ######### | ##########V########## | ####
###[ IV ]---+ ##[ ciphertext ]----+ ####[ ciphertext ]----+ ####
####      #######              ##########              #########
################################################################
################################################################
[ 6. File Encryption                                                 ]
[  > openssl enc -aes-256-cbc -K <key> -iv <IV> -in <input file>     ]
[    -out <output file>                                              ]
[  ? -K key                                                          ]
[  ?    The actual key to use: this must be represented as a string  ]
[  ?    comprised only of hex digits. If only the key is specified,  ]
[  ?    the IV must additionally specified using the -iv option.     ]
[  ?    When both a key and a password are specified, the key given  ]
[  ?    with the -K option will be used and the IV generated from    ]
[  ?    the password will be taken. It does not make much sense to   ]
[  ?    specify both key and password.                               ]
[  ? -iv IV                                                          ]
[  ?    The actual IV to use: this must be represented as a string   ]
[  ?    comprised only of hex digits. When only the key is specified ]
[  ?    using the -K option, the IV must explicitly be defined.      ]
[  ?    When a password is being specified using one of the other    ]
[  ?    options, the IV is generated from this password.             ]
[  ? -in filename                                                    ]
[  ?     The input filename, standard input by default.              ]
[  ? -out filename                                                   ]
[  ?     The output filename, standard output by default.            ]
################################################################
[ 7. Check This Out                                                  ]
[ > openssl enc -aes-256-cbc -K \                                    ]
[ d3b2bd22bc5ae5039a21587fd2b9cf2072be32b60ef8a09ec0d5544a923b80a2 \ ]
[ -iv 9b56a2f284cc876783ecd09f2fd33fed -in plain.txt -out cipher.txt ]
################################################################
[ 8. Boom                                                      ]
[ > hexdump cipher.txt                                         ]
[ 0000000 3e15 cd78 07b1 335c 4275 b752 d574 04bd              ]
[ 0000010 d0e6 1491 c049 9945 9916 d591 9217 22dd              ]
[ 0000020 9be6 6cf3 23e3 8c7e d5d8 d1fe 7675 140c              ]
[ 0000030 d55d 15b3 bb5c d496 fe39 04ee 5f25 b02e              ]
[ 0000040 6afa b02d db07 f2af ce1d c02b 1397 2b31              ]
[ 0000050 1c5d 3841 73ca 023e 2b85 38fd db02 2a61              ]
[ 0000060 c033 1078 4b29 68ce 28f9 9724 d46f c9b4              ]
[ 0000070 0f06 2c6d 36b0 e125 6848 f284 e6e0 1787              ]
[ 0000080 dd62 9c51 3f82 96a1 5589 38f7 1100 7039              ]
[ 0000090 7f28 b063 b5e9 4ae3 067c c372 eabd 4b0d              ]
[ 00000a0 7402 cd63 20e8 e662 0587 40b9 e2fd e799              ]
[ 00000b0 ad91 6de8 70de 7be1 88fd 969b edec 026e              ]
[ 00000c0 f406 3525 f76f 2111 3f5b 7177 e7e0 f559              ]
[ 00000d0 c30f b2ac 9158 f411 35d1 224b d692 30e3              ]
[ 00000e0 8c6d dee3 403b 36c1 dde5 cbf6 2d79 ec22              ]
[ 00000f0 4a91 fd09 cf54 5e38 ea4e d40d 7661 07f5              ]
[ 0000100 6fec e5e0 f571 a98d a66e ec9f 46ae a097              ]
[ 0000110 816f 1434 7643 45e4 3dc7 8a8c b583 8e5b              ]
[ 0000120 e28a 8f06 75c0 c98a 661a 6eb9 3c75 de2f              ]
[ 0000130 c793 9e05 37f0 6139 bfca 6680 4bf2 cd4c              ]
[ 0000140 3605 0aa4 1b79 932b 07e2 3fd5 7bae bfc6              ]
[ 0000150 9a6d 36a4 9f15 94db 6197 299a 36d0 885e              ]
[ 0000160 7b30 1bfe 1712 63a4 5449 744e 22d3 dfa9              ]
[ 0000170 e401 3005 6c88 6882 ddb8 88e3 fd05 f050              ]
[ 0000180 2a2a e7b8 1935 9d9b 9a75 1a46 dbd0 2943              ]
[ 0000190 12d1 747f 62ce d56c 38c1 92f7 274d 153d              ]
[ 00001a0 71b3 42b8 e2e4 2dec 2cbb 6769 bc39 9f01              ]
[ 00001b0 8fd6 317e 585e e7a3 436a e507 6d85 34d8              ]
[ 00001c0 c6ce ebe2 d611 02ab 309d a932 ab16 fe84              ]
[ 00001d0 b290 f2a4 795b ddb3 7cec 4a70 cf8c 13d6              ]
[ 00001e0 f149 e8fc 5362 c61c 753f 51b1 d6ae e8ed              ]
[ 00001f0 a349 b0aa 9a4d 4e6f 2c76 3884 3600 6181              ]
[ 0000200 219e 23de a233 c596 abe6 0d0c 655a a625              ]
[ 0000210 e678 9548 768b 6434 e258 2927 4390 4ecd              ]
[ 0000220 6804 6a79 ecf0 2ebe 30c3 d538 ceef fcdc              ]
[ 0000230 815d a095 cedf e0d0 7826 441e 9299 8b2b              ]
[ 0000240 61dd 86ee 75c8 aabd 9ee9 9881 1a67 ad04              ]
[ 0000250 7c8f 8230 75a5 eb09 09a7 2c79 683e ea4a              ]
[ 0000260 22bc 30b3 b471 7a1f 47c9 fbab 5d53 57b0              ]
[ 0000270 731f e542 daa2 5098 3d0d 1520 e619 d633              ]
[ 0000280 13a0 569e 2c89 6601 4169 7641 dd40 d161              ]
[ 0000290 b134 2cb1 562b cc92 56bf 926e 3cfd 4867              ]
[ 00002a0 d680 5240 7407 921b 14cf 6883 51ec 9dd9              ]
[ 00002b0 997b da59 9661 8197 2e7d 5755 5f02 4636              ]
[ 00002c0 a97a 0ef5 2f8e 45de 05a4 9323 6207 398c              ]
[ 00002d0 6422 7fc2 3bb6 1fa3 828b 952a 071e 2481              ]
[ 00002e0 41e7 1897 4c62 f22e 2450 1704 c1f0 6873              ]
[ 00002f0 c3bd cd65 99dd 3883 1306 e9a1 df19 67ee              ]
[ 0000300 634b e11e 7aa9 bfe6 3c64 e171 c648 c267              ]
[ 0000310 d410 dd36 448e bfd1 69b0 20d7 debb 01b4              ]
[ 0000320 ce18 4b96 4834 3e6a c213 7d92 a274 8f2e              ]
[ 0000330 e3c3 dda7 83e1 7e15 18b2 7f8c 4cd3 3613              ]
[ 0000340 495d 8637 b325 c9ce a809 8c6e 7c2d d770              ]
[ 0000350 a920 14f0 aaf3 6a5a 33ac 9ab0 1350 a6f6              ]
[ 0000360 d817 6c78 ff7a 3d80 c097 76bb 0e8c 2a24              ]
[ 0000370 b614 0b20 cc28 a97e 5a82 4173 05ba 6ad0              ]
[ 0000380 bf77 ceb1 1bfd eb0f a736 c989 581f 695f              ]
[ 0000390 5b7a 7abe eed1 4668 547c 40e1 982c b308              ]
[ 00003a0 b8fe 4a2e d2ba 5fe6 dcee 41a2 acf9 4a78              ]
[ 00003b0 47d3 122e 62ac a547 dd55 b6da 28a1 26fa              ]
[ 00003c0 7bb3 d342 2e4c 5243 cec3 b821 bc2e 34e1              ]
[ 00003d0 d48a ed00 7e49 ee0f 11ae e3a5 7d4d eca5              ]
[ 00003e0 da68 1d31 0bbd 3535 7539 b7ac 18d4 0829              ]
[ 00003f0 da47 bb4a e2f9 5510 7ce2 c639 f30b 956b              ]
[ 0000400 bd02 8a49 3e21 d303 2ff8 dd01 1434 c4d0              ]
[ 0000410 bcc8 19fc a700 bb6d 4244 b076 ded9 9304              ]
[ 0000420 40c0 cc91 4236 ba87 d176 9cc3 eaec d703              ]
[ 0000430 361f d247 ddd8 257e 98b0 62ee 6008 9b18              ]
[ 0000440 7f57 9168 2707 eef3 1599 c3e2 838f 254a              ]
[ 0000450 d3a9 635b 5ff8 3532 725a c2ba 9cd9 fcfc              ]
[ 0000460 e4f8 56fe ef4a 7719 125f 0326 f696 5210              ]
[ 0000470 36df 7a9f d4b8 5ff8 2bd4 8548 1e5c 37c4              ]
[ 0000480 98d8 db34 ca50 bf55 0d9f 2c81 7a34 df4d              ]
[ 0000490 6d4e 76bb 8c46 c22e c5bf 4899 379c 160d              ]
[ 00004a0 8f12 2e83 572c 82f8 3d46 2210 8cb9 b0ba              ]
[ 00004b0 ca39 34cb cb1a c943 dd83 7981 97a0 3ab2              ]
[ 00004c0 d22d aed0 c661 2878 53e7 6948 9485 a89a              ]
[ 00004d0 f326 a8c7 70ff bf88 036f 8527 8f21 4aad              ]
[ 00004e0 32c5 2af1 3e32 988d 076f 5b36 1c91 9ea0              ]
[ 00004f0 e852 6778 d385 e53a ca87 eb3b 3011 0fab              ]
[ 0000500 f557 23a8 bf4b 7f57 b317 573e fba6 7d45              ]
[ 0000510 7aab 7dac 00bc 4cf2 7cbe d915 5edc 9407              ]
[ 0000520 1be0 c2da 67fe 3a05 e278 0cf4 f928 49fd              ]
[ 0000530 2958 5c00 9b89 3ab2 8e04 a597 cac0 e0a6              ]
[ 0000540 20f0 c562 0c60 a5d0 2702 925a 27de b873              ]
[ 0000550 8b9e eb29 11d6 19ad 9145 cf35 bd46 103e              ]
[ 0000560 1d3a b519 739e f7a2 a051 78e0 3c13 5cfd              ]
[ 0000570 753f 52c4 c032 b162 83e4 358c 9524 8836              ]
[ 0000580 4333 dcc4 3a85 1e54 3877 6ca2 2200 725e              ]
[ 0000590 bc41 cc80 a17c e831 76bb e047 3f37 b102              ]
[ 00005a0 6e72 48c8 cc7e 9cf1 7be8 3311 8c21 a09b              ]
[ 00005b0 7678 72f3 6df6 4fc0 8da3 4d14 2d43 9ab7              ]
[ 00005c0 f33e b21d 122f 6227 6770 4aa0 fedc 80a2              ]
[ 00005d0 cbd0 25db b039 98ce 4d21 03ac 23b6 118f              ]
[ 00005e0 688a 4a4b bb79 d752 c00f 97b4 6720 8a8a              ]
[ 00005f0 40b6 293c 7efb e7c2 c7b9 7abf f9f6 a825              ]
[ 0000600 dbe5 81a0 6511 a2d9 0fa4 38dc ac91 48ae              ]
[ 0000610 0c82 e4a4 badb 5751 42fb 94d3 5f80 81e0              ]
[ 0000620 27bd 3d6a 2411 06f3 721e 2d1d 67ac 35bc              ]
[ 0000630 61a6 4ab1 322d 9054 fe8a d993 c778 6eb9              ]
[ 0000640 040e 3b01 8ef1 e95d bfcb 5090 45a8 ed6e              ]
[ 0000650 6f7e ff21 6fb1 21b5 9fca b0c5 86df 278b              ]
[ 0000660 0f5d 6419 24ec 4cd4 33ec a3f8 5f35 dbf5              ]
[ 0000670 b0c1 47ec f2b5 8843 2b87 ee62 af69 90e7              ]
[ 0000680 c664 dfe0 641f eeb4 b6af a1aa 75c5 d406              ]
[ 0000690 6d57 8f1d cabe 0850 c4b0 3ca3 05c6 f96e              ]
[ 00006a0 e164 8abf c595 12dc 6ede d3b4 57c2 f041              ]
[ 00006b0 8849 6b4d 3a21 f7f2 c04b dfd6 5d8e 5c06              ]
[ 00006c0 75ff 4bbb d6fb 506d 3f6e eab2 cad3 744e              ]
[ 00006d0 4493 0adf 4c52 31bc 968f 79e3 94a2 9eef              ]
[ 00006e0 8481 4dda c849 c5ff e9a6 3336 33d2 18f9              ]
[ 00006f0 615f e4ed c10b f34f 5d42 4bf8 cbfc e624              ]
[ 0000700 c61b a19c fdbe 73aa 6893 1a98 07ac 576d              ]
[ 0000710 0caf 91aa 06d0 27d6 97a3 7a38 a2d1 f08a              ]
[ 0000720 ea37 473a a202 9f92 d450 898e 2d7a 9e35              ]
[ 0000730 1239 1e02 1fa0 c7d5 249c a4b4 7856 8f9e              ]
[ 0000740 4e01 1635 8cfe cc8f 331d 82b8 396a 12ed              ]
[ 0000750 eaad 8bdf b247 59f5 9244 306c 4e0b 8bd7              ]
[ 0000760 187b c878 691b b008 aad0 293c 71f4 7f93              ]
[ 0000770 e784 1e5a 9983 79c3 e542 e2c9 9ef9 bf51              ]
[ 0000780 8d6a 7281 0e77 7e62 e724 ff9a 857c 0757              ]
[ 0000790 130d b0a4 c149 8df2 5df7 8b06 3b9a b28c              ]
[ 00007a0 d9ef d7a1 49e8 ae0c a1ff eb3e 0662 0cf1              ]
[ 00007b0 2f61 926e a07f aee2 d8ff f9e0 2eac ab0b              ]
[ 00007c0 19df 2e9b 0c51 a989 88a8 a7cc 0312 37a2              ]
[ 00007d0 6e2b 7d7e c9e0 b818 1ff1 6f3f 07ef 5978              ]
[ 00007e0 0a83 93e6 f4d1 3a3e f9c4 bdd3 b9d4 74c2              ]
[ 00007f0 e058 6321 a120 2070 0986 1c38 1f90 4794              ]
[ 0000800 7500 8191 cc7a fd65 1828 a440 bcbf 28f3              ]
[ 0000810 8c1b 8ede f878 880a acd1 bc79 7e65 fbfc              ]
[ 0000820 9b4b 3983 311c d5b2 04a5 4eca 1e3d 1812              ]
[ 0000830 2724 c7f9 9700 1ee1 ec5c 9252 f6e5 27dd              ]
[ 0000840 31c7 c5bf 8f0f 4bb1 637e b0d5 12ba 1339              ]
[ 0000850 a014 8895 ed1f 0d56 e5bc 0e77 3562 69df              ]
[ 0000860 f7cb 27f5 721b 3619 319b 81e3 2a10 edb9              ]
[ 0000870 a17d 1f41 12bf 55f1 b08a ff84 833c e16c              ]
[ 0000880 2a0d c2e9 de0c d4ed 4579 6c72 9970 2e7f              ]
[ 0000890 52e9 6fea 0d71 d6ef a77d caef c5a1 2a0d              ]
[ 00008a0 152e af4c 4e1f 8eda a7d6 e661 fa95 28f4              ]
[ 00008b0 0674 eb53 6094 7c59 1079 b779 5e64 8a82              ]
[ 00008c0 b667 ea05 bcec 767b db7e a618 1fdc 724f              ]
[ 00008d0 118e f924 37bf 3279 3b1a b0c8 7388 88ea              ]
[ 00008e0 ba7b 15fa 436e e4ef b9b7 dcf7 e27e 34ed              ]
[ 00008f0 700e b38b dd34 8dac 816a 2c3b 0693 c040              ]
[ 0000900 0ca9 6c63 c549 b8df c013 c867 5c7d d49b              ]
[ 0000910 a0a6 ba31 990b 3431 4ddd b5de f737 137a              ]
[ 0000920 ebfd feff ee23 3c63 1ee4 830a 5f86 45d5              ]
[ 0000930 ccf8 a3d3 1bbc 85c7 36d7 9fbc d6a6 bf72              ]
[ 0000940 f7e9 0de4 c9db 0e39 5a56 7597 b0b2 ed93              ]
[ 0000950 d36b f0aa de65 9f6b 3bb6 313a bc70 de37              ]
[ 0000960 4ac1 f50f b6ea d0c2 392a 7d62 e5b9 edb8              ]
[ 0000970 4e40 bf94 ea0e c25d c519 3771 2f25 ea62              ]
[ 0000980 13aa c81b f32f 7084 47a5 cbb3 25cf c4f3              ]
[ 0000990 cfdc 4485 c8d4 9948 5a47 d664 9633 2247              ]
[ 00009a0 bec1 d2e1 162f c4bc c86b 6ceb 818b 3da0              ]
[ 00009b0 ed75 1869 0630 791e 643f 3f79 2e0f b7c4              ]
[ 00009c0 76ec a77a dea6 51d5 1943 a31f 80c2 6a9b              ]
[ 00009d0 08db 3978 39fb bd0d 1d42 b359 9d29 7c24              ]
[ 00009e0 f20d 969b 88e7 e29e a175 b18d d7e4 4b43              ]
[ 00009f0 c393 6a4c 2981 4324 24d8 9a81 da9e 45a4              ]
[ 0000a00 5c32 cd6e 45cc 4e1b aba7 659b 75d7 7c23              ]
[ 0000a10 23bd b313 5f5b fcdc e143 07f5 1248 c167              ]
[ 0000a20 3e76 125c 0bcb 39e9 bea7 624e 6fb0 9007              ]
[ 0000a30 aef6 242d 11a5 0866 23dc 9123 8781 e023              ]
[ 0000a40 55ff 88c3 3e90 b39b 240f 7b0b ea6c 413b              ]
[ 0000a50 2962 a78c 00cc 47c9 f7a4 9f05 a5cf 600e              ]
[ 0000a60 a28d 9d40 7959 c9ed 7ed5 7f43 a53d 58a8              ]
[ 0000a70 1087 d9e7 e7a7 fe63 7659 0bab 40b6 d348              ]
[ 0000a80 16c9 a2ac aa80 32c4 4e63 c45b a585 4a33              ]
[ 0000a90 a891 b102 408a 5c36 1133 ef36 dc52 3ae5              ]
[ 0000aa0 8ba6 f0eb 95b4 65a2 e89b 1503 64b5 12b6              ]
[ 0000ab0 b5cb b8d8 e2f1 b658 2695 c642 35f5 2c49              ]
[ 0000ac0 8a44 02a2 edc8 8800 a6fb c02a 934f e435              ]
[ 0000ad0 9464 6e21 760d d5f8 5e98 099b 5d4c 14c1              ]
[ 0000ae0 fb1a a10e 9110 46dc 7be9 a816 980e f783              ]
[ 0000af0 49ef 30e0 e111 3acb 8b29 0f59 ef29 2667              ]
[ 0000b00 c61f f201 64e9 56e6 6973 89b3 7d7e be23              ]
[ 0000b10 e6ea 6b9a 6eb0 da44 8fe3 575d 8416 55ed              ]
[ 0000b20 84b5 b778 8892 d029 6268 4736 baf8 7b86              ]
[ 0000b30 d2fa 0d99 0d56 d656 5e10 0d36 6728 bb08              ]
[ 0000b40 dc63 4804 496f 04a3 3995 9ed5 6c13 068c              ]
[ 0000b50 ddfd 1b9c ec65 25bf 6db3 f3e6 eb2b bfbe              ]
[ 0000b60 3720 cf3c 617e 91b8 8bb6 5e5f 3e8a cfd5              ]
[ 0000b70 3724 4a64 1a4b 6916 05c2 75f9 af3e 1331              ]
[ 0000b80 013c 13bf 642b 05df 1f43 1cd5 5e30 5de6              ]
[ 0000b90 8e01 e83c f697 c25b 2015 dce8 3f31 c43f              ]
[ 0000ba0 fa93 859d 4373 44ec 8375 b8b2 4550 61e5              ]
[ 0000bb0 e813 0c83 7c5f fcd1 97e0 bee2 990e a1b9              ]
[ 0000bc0 e834 c6fd 83ba 794c 3b00 3f33 eca8 9150              ]
[ 0000bd0 a1d1 710f f962 5c5f b1a0 6c5c c429 9cb7              ]
[ 0000be0 ee3e 2368 1b3d 564b f13c c02a ee44 b7c1              ]
[ 0000bf0 0bca 4b1c 6d29 c7a7 24ff bd4a c7b3 a263              ]
[ 0000c00 37a3 a1f2 d010 ef8e 9de3 5eaa 88b4 e629              ]
[ 0000c10 c421 4a00 3cce dcd7 2457 db64 aed6 f49d              ]
[ 0000c20 3d76 f4cd 5ae7 4d81 11e9 4f66 8e48 0c79              ]
[ 0000c30 4149 0634 77c2 b1bc 069c 2255 3b28 205d              ]
[ 0000c40 f37a 75d3 7299 bf5f 192a b461 ebff 8af1              ]
[ 0000c50 3fb6 32fb 9069 34d7 8f09 4194 b386 4bfc              ]
[ 0000c60 7b33 7599 c70a fe1f e50d cd30 53b7 5bbf              ]
[ 0000c70 2f1f 3940 4807 ddf8 1334 483f 127c 8492              ]
[ 0000c80 b6ce 96e5 033a 7c07 2e54 839a 61a6 8500              ]
[ 0000c90 e71d dd99 e802 b16a f8b2 e664 bf55 35fc              ]
[ 0000ca0 ff51 b2b2 6e6d 145b e94f abc5 cd33 1052              ]
[ 0000cb0 e51a cc2d 0979 2d7e 7d69 0727 baba 6300              ]
[ 0000cc0 b9c7 fbc5 47e1 d2a9 f852 6ba1 f93c 58d9              ]
[ 0000cd0 638d 60f3 8891 ac51 66ea c3f7 a4fc 135d              ]
[ 0000ce0 980e 209e 7622 4c06 1f2d 2dec 3aba 4126              ]
[ 0000cf0 cb43 1b71 2d56 4000 a572 5135 c8b0 8127              ]
[ 0000d00 6391 b0e9 e575 c5b1 885a 4c69 eab6 e2f2              ]
[ 0000d10 a185 05e1 4c8d f6eb b61c a33f 7f20 6922              ]
[ 0000d20 4002 f517 400c 5112 c64c 40f2 1ed7 5b4b              ]
[ 0000d30 7a76 4114 7233 c91f b6aa 6a2f 192d 8f64              ]
[ 0000d40 e3c4 3bfe 043c d5bd 4d17 fc11 865d 17d4              ]
[ 0000d50 2fd6 cbb8 6f6c d0c7 4893 f0cc 0a09 e5b4              ]
[ 0000d60 45c5 77e5 276a ba29 ac72 5113 991d 7ca9              ]
[ 0000d70 1998 0281 fee7 86b5 772a 8664 60b8 286b              ]
[ 0000d80 385f e3a3 09c6 115d e7ae feb8 6001 6251              ]
[ 0000d90 ad4b af2d 0a15 1666 e140 ace5 aadc a6dc              ]
[ 0000da0 bdb7 e5fe 4a71 2ddd eaa7 596d 7dc6 4f67              ]
[ 0000db0 e43f ca8c 9df5 28d3 36bf a124 18dc c1d4              ]
[ 0000dc0 5c3e f0c8 afd7 2b0e ab8d a965 e811 fd19              ]
[ 0000dd0 89db a19f 5248 a1b2 eb9b d721 7000 21f6              ]
[ 0000de0 3b84 f8ee aef1 265e a056 6063 e6df 52e8              ]
[ 0000df0 0c5e 4cae 6709 6d1a c3af 540d c927 cbb6              ]
[ 0000e00 62d2 54f7 27a1 bcc9 bda8 e8e0 876b a319              ]
[ 0000e10 6e86 4101 deba 5fd0 ed9e 0a2f a0ce b0df              ]
[ 0000e20 270a 1348 7d35 b91f c10d b083 2eb7 fbcc              ]
[ 0000e30 36ec 4b49 24d9 1356 fa96 1e50 5168 66a2              ]
[ 0000e40 9b8a 1050 bda8 14d7 8274 962d bf99 a55c              ]
[ 0000e50 c4fc ea28 3f67 7a2d afe0 faf4 4bf0 1d1f              ]
[ 0000e60 6f15 b0ca ccbe 18d1 e269 cf76 e673 2db8              ]
[ 0000e70 7d63 a4fa 4bfb 6f72 80b9 4854 c712 2ff5              ]
[ 0000e80 c322 369b 80b9 b688 d0b6 9cb8 5aa3 3132              ]
[ 0000e90 9780 8b20 cd87 e2c0 1a05 9bfb 4704 130f              ]
[ 0000ea0 b832 2b4d fd74 8348 bc0a 5c6f 3052 fc4c              ]
[ 0000eb0 0045 4e1b 6be0 ca66 d5c7 594c 1009 0e7a              ]
[ 0000ec0 bc56 b7dc 6b03 f4ee 9fe1 2962 5e58 25ce              ]
[ 0000ed0 eef1 da54 f552 7aab 3c16 43ce 2b47 3200              ]
[ 0000ee0 8d20 a393 83cc 1963 ea06 6afc f935 ffa5              ]
[ 0000ef0 f09f 563c 88cf c902 8f45 170b ddee bee7              ]
[ 0000f00 624a 667a ac2a 8c3d 3c0b 5b30 db61 cdd5              ]
[ 0000f10 6d56 8b7e 65b3 2722 beb2 65f1 23f0 719d              ]
[ 0000f20 b7be 1d83 358a a2a3 cec9 8ab9 3706 87cd              ]
[ 0000f30 9b39 a0d1 0c98 ac23 753d ee2f e1ee 9322              ]
[ 0000f40 d022 2687 e18b 5fc7 bfee 4b98 9030 a141              ]
[ 0000f50 77b8 2109 2066 865e 4482 9eb0 927d 32fa              ]
[ 0000f60 08bc 5771 7186 15c3 8f61 c93f a521 ffee              ]
[ 0000f70 a41b 4b73 07dc 19e4 4647 bd27 5383 4900              ]
[ 0000f80 152d 9821 9329 3998 a1be ab8a aca9 b4a3              ]
[ 0000f90 0ee7 8de3 0cc4 22ee 182a 195b 754d 852a              ]
[ 0000fa0 a424 b217 55f9 ee04 6b43 bed8 8e40 2478              ]
[ 0000fb0 9079 f03b eecb d772 9541 3c93 6895 d6b3              ]
[ 0000fc0 f5a2 ed4f 0925 0122 b95e bda3 786b 8a33              ]
[ 0000fd0 5c84 ccf5 666f abbd 5e78 5820 844d f7f8              ]
[ 0000fe0 9b59 7971 20b1 8e0e 2a33 16c9 bcbb 3433              ]
[ 0000ff0 8292 668e 6d78 8253 8cd1 c339 5fdf 53f0              ]
[ 0001000 ba5c 0fa9 dd65 a96c 0baf ffc3 420c 2342              ]
[ 0001010 d4d8 1237 0305 46eb ce86 7dd6 ba67 e73b              ]
[ 0001020 ee22 8ea6 1aa3 93e1 c3e3 b9aa a413 8571              ]
[ 0001030 4e85 8663 a625 67f7 643b 83d6 fb4a 717e              ]
[ 0001040 d342 2ecd 3e1c 20d5 5887 6eb7 cd3f 5f33              ]
[ 0001050 f856 8a7d bd17 f1b8 9107 0fed 1b92 6d30              ]
[ 0001060 25fc f69d 58dc fcde d311 59d2 cf58 8f65              ]
[ 0001070 e236 6e58 3f67 c222 3af6 312d 44e6 8da9              ]
[ 0001080 f707 a1af ee98 a710 cf47 5132 e356 04dd              ]
[ 0001090 28d6 0931 05e6 534c 314d 51e3 49de 10c1              ]
[ 00010a0 9080 8e90 1524 4a2c 6a9e cb0f e64d 5144              ]
[ 00010b0 a8ff 1b60 9cab 116c fc94 c62e 4f26 00b6              ]
[ 00010c0 49a8 5d86 206a 55f7 e0c0 24a0 a9a3 cd32              ]
[ 00010d0 4b96 d11f 24c0 e6a6 d6ba 0aa8 1646 513b              ]
[ 00010e0 5e02 316f e12c fa5b cf1c 8685 f843 4e8a              ]
[ 00010f0 effe c2a4 1ba2 8e94 cefe e4a6 37ee e48b              ]
[ 0001100 9406 3105 6b6e 10fd a8e6 cae4 3f5f bb74              ]
[ 0001110 5c29 44cf 3b20 3b72 bdbe 9273 529b 675c              ]
[ 0001120 a75b 6769 6310 6186 4558 231b e45b 9685              ]
[ 0001130 a9de 6f24 e2f6 2d02 9c04 125b c34b 7483              ]
[ 0001140 fba9 7add 22b4 b4b0 1368 2456 8822 4a58              ]
[ 0001150 16cf 66a0 6e4c c50a 670c 4213 5688 af29              ]
[ 0001160 ec73 ee32 3b24 31f7 e311 dc72 8312 4a39              ]
[ 0001170 76a1 4349 9e04 9e30 9399 7bbb 6b02 6885              ]
[ 0001180 601f ebf7 0540 4364 4718 c64f 5a83 8262              ]
[ 0001190 3b0a 5e7c 9bed 8cf5 0ef2 6c6d 70b9 b257              ]
[ 00011a0 0af2 5f1d 888a 408a 4990 5b6c 8333 7c64              ]
[ 00011b0 3e70 fafe 8dbc 40f1 1a55 09ab 6d8f 05e0              ]
[ 00011c0 60f3 d468 da38 3ea6 c134 45fa ff29 c835              ]
[ 00011d0 f7bf 9034 d131 ada2 5841 72a4 fb8c 798f              ]
[ 00011e0 0582 fee1 28a2 24b0 f8ce dcbf 078a 98cc              ]
[ 00011f0 1b2c 604b bd47 b589 3588 09f3 46dc ebd6              ]
[ 0001200 6b7f e7c3 0498 9a11 411b 5d4d b344 ca97              ]
[ 0001210 5ab3 a1b7 9c03 8a49 8a0c b42d d0b6 2abb              ]
[ 0001220 0ef4 ad5d 5bb1 3208 4fd0 2de3 5e36 4b62              ]
[ 0001230 b13b 7a45 aac6 a58b 59ea 251d 41d8 0502              ]
[ 0001240 b3ac 78ef 9627 d5da a0d2 ef0e 4333 6217              ]
[ 0001250 b585 d791 4972 d317 c30e 4026 d08d f74b              ]
[ 0001260 c1b1 3fa1 d452 3263 e722 699c 4549 c207              ]
[ 0001270 a4e8 8180 19f4 e36c 1c8c f477 ca3f 5fa9              ]
[ 0001280 39b2 8866 e381 87e6 6274 73e0 cc5a 84f5              ]
[ 0001290 0dae d4f5 d7ef d485 34b0 a937 2a18 49d9              ]
[ 00012a0 9ed8 e1b3 9f02 7de3 c98a f3b2 5ac5 7247              ]
[ 00012b0 4788 5d50 7fc2 eaad 2118 7973 0178 b12f              ]
[ 00012c0 53ae fba4 1b54 db7f 8989 dae6 e742 cc64              ]
[ 00012d0 92ac 9fc5 c8fa c27d 4d06 3119 973b e59e              ]
[ 00012e0 a981 d919 5a4a 95cf c170 a7ba 8422 3293              ]
[ 00012f0 f4f2 e0eb 4d50 2232 b214 70cb 8b57 2254              ]
[ 0001300 bf83 0393 a853 cc2a 861e 6ed9 2d37 8389              ]
[ 0001310 6b91 01d7 a6dc 3036 5de9 4951 77b0 3148              ]
[ 0001320 cb4b 5fae 3973 9cdc b4d4 8c3c 4936 8767              ]
[ 0001330 7ede 37e4 6ed7 0e6e b5ed 2248 5f85 18ca              ]
[ 0001340 bf34 ec27 1de5 b874 1941 6d7d ce00 1f0d              ]
[ 0001350 9c9e 49e1 096f c38b 019b 40b7 3536 4ef5              ]
[ 0001360 8974 bb5e ba00 7460 a840 d423 9e29 5ae8              ]
[ 0001370 26d3 cceb a953 7a08 ade4 c294 1b27 05f8              ]
[ 0001380 6fc5 4302 403f 32fa 2d08 cf0f 6d65 42ac              ]
################################################################
################################################################
################################################################
# 5. Let a be any integer and let b and c be positive integers.
# Suppose that when a is divided by b, the quotient is q and the
# reminder is r, so that
#               a = bq + r  and  0 <= r < b.
# If ac is divided by bc, show that the quotient is q and the
# remainder is rc.
# --------------------------------------------------------------
# From the equations: a = bq + r and 0 <= r < b, we have
# ac = (bq + r)c = (bc)q + rc and 0 <= rc < bc, so
# ac = (bc)q + rc and 0 <= rc < bc, that means q is the quotient
# of dividing ac by bc and rc is the reminder
################################################################
################################################################
################################################################
################################################################
